app/build/intermediates/manifest_merge_blame_file/debug/processDebugMainManifest/manifest-merger-blame-debug-report.txt
1<?xml version="1.0" encoding="utf-8"?>
2<manifest xmlns:android="http://schemas.android.com/apk/res/android"
3    package="com.example.webview"
4    android:versionCode="1"
5    android:versionName="1.0" >
6
7    <uses-sdk
8        android:minSdkVersion="24"
9        android:targetSdkVersion="34" />
10
11    <application
11-->src/main/AndroidManifest.xml:3:3-18:17
12        android:debuggable="true"
13        android:extractNativeLibs="false"
14        android:label="Offline WebView"
14-->src/main/AndroidManifest.xml:4:5-36
15        android:usesCleartextTraffic="true" >
15-->src/main/AndroidManifest.xml:5:5-40
16        <activity
16-->src/main/AndroidManifest.xml:7:5-16:16
17            android:name="com.example.webview.MainActivity"
17-->src/main/AndroidManifest.xml:8:7-35
18            android:exported="true" >
18-->src/main/AndroidManifest.xml:9:7-30
19            <intent-filter>
19-->src/main/AndroidManifest.xml:11:7-14:23
20                <action android:name="android.intent.action.MAIN" />
20-->src/main/AndroidManifest.xml:12:9-60
20-->src/main/AndroidManifest.xml:12:17-58
21
22                <category android:name="android.intent.category.LAUNCHER" />
22-->src/main/AndroidManifest.xml:13:9-68
22-->src/main/AndroidManifest.xml:13:19-66
23            </intent-filter>
24        </activity>
25    </application>
26
27</manifest>